<?xml version="1.0" encoding="UTF-8"?>
<!-- Generated by org.testng.reporters.JUnitXMLReporter -->
<testsuite ignored="0" hostname="PROMSI61610" failures="0" tests="3" name="Default test" time="6.644" errors="0" timestamp="2022-11-01T23:58:27 IST">
  <testcase classname="API_TestCases.API_POC" name="a_get_accessToken" time="2.859"/>
  <testcase classname="API_TestCases.API_POC" name="b_accessTokenInfo" time="1.896"/>
  <testcase classname="API_TestCases.API_POC" name="c_checkIfUserExists" time="1.569"/>
</testsuite> <!-- Default test -->
