<?xml version="1.0" encoding="UTF-8" standalone="no"?>
<testsuite failures="1" name="cucumber.runtime.formatter.JUnitFormatter" skipped="0" tests="1" time="2.585557">
    <testcase classname="post call method for blue yonder" name="post call scenerio for blue yonder" time="2.585557">
        <failure message="org.json.JSONException: A JSONObject text must begin with '{' at 1 [character 2 line 1]&#10;&#9;at org.json.JSONTokener.syntaxError(JSONTokener.java:433)&#10;&#9;at org.json.JSONObject.&lt;init&gt;(JSONObject.java:195)&#10;&#9;at org.json.JSONObject.&lt;init&gt;(JSONObject.java:319)&#10;&#9;at stepDefinitions.POST.hit_the_post_method(POST.java:44)&#10;&#9;at ✽.Given Hit the post method(src/main/java/Features/postcall.feature:5)&#10;">
            <![CDATA[Given Hit the post method...................................................failed

StackTrace:
org.json.JSONException: A JSONObject text must begin with '{' at 1 [character 2 line 1]
	at org.json.JSONTokener.syntaxError(JSONTokener.java:433)
	at org.json.JSONObject.<init>(JSONObject.java:195)
	at org.json.JSONObject.<init>(JSONObject.java:319)
	at stepDefinitions.POST.hit_the_post_method(POST.java:44)
	at ✽.Given Hit the post method(src/main/java/Features/postcall.feature:5)
]]>
        </failure>
    </testcase>
</testsuite>
