<?xml version="1.0" encoding="UTF-8"?>
<testsuite name="TestSuite" time="9.406" tests="6" errors="0" skipped="0" failures="0">
  <properties>
[...]
</properties>
  <testcase name="a_get_accessToken" classname="API_TestCases.API_POC" time="3.364"/>
  <testcase name="b_accessTokenInfo" classname="API_TestCases.API_POC" time="1.837"/>
  <testcase name="c_checkIfUserExists" classname="API_TestCases.API_POC" time="1.636"/>
  <testcase name="a_get_accessToken" classname="API_TestCases.API_POC2" time="1.028"/>
  <testcase name="b_accessTokenInfo" classname="API_TestCases.API_POC2" time="0.604"/>
  <testcase name="c_checkIfUserExists" classname="API_TestCases.API_POC2" time="0.937"/>
</testsuite>