<?xml version="1.0" encoding="UTF-8"?>
<!-- Generated by org.testng.reporters.JUnitXMLReporter -->
<testsuite ignored="2" hostname="PROMSI61610" failures="0" tests="6" name="Product Order" time="10.508" errors="0" timestamp="2022-11-01T23:36:06 IST">
  <testcase classname="API_TestCases.API_POC" name="a_get_accessToken" time="3.467"/>
  <testcase classname="API_TestCases.API_POC" name="b_accessTokenInfo" time="1.215"/>
  <testcase classname="API_TestCases.API_POC" name="c_checkIfUserExists" time="1.63"/>
  <testcase classname="API_TestCases.API_POC2" name="a_get_accessToken" time="1.338"/>
  <testcase classname="API_TestCases.API_POC2" name="b_accessTokenInfo" time="0.8"/>
  <testcase classname="API_TestCases.API_POC2" name="c_checkIfUserExists" time="1.537"/>
  <testcase classname="com.API.Base.BaseTest" name="@AfterSuite afterSuite" time="0.0">
    <ignored/>
  </testcase> <!-- @AfterSuite afterSuite -->
  <testcase classname="com.API.Base.BaseTest" name="@BeforeSuite beforeSuite" time="0.0">
    <ignored/>
  </testcase> <!-- @BeforeSuite beforeSuite -->
</testsuite> <!-- Product Order -->
