<?xml version="1.0" encoding="UTF-8"?>
<!-- Generated by org.testng.reporters.JUnitXMLReporter -->
<testsuite ignored="2" hostname="PROMSI61610" failures="0" tests="6" name="Product Order" time="9.88" errors="0" timestamp="2022-10-23T09:36:58 IST">
  <testcase classname="API_TestCases.API_POC" name="a_get_accessToken" time="3.363"/>
  <testcase classname="API_TestCases.API_POC" name="b_accessTokenInfo" time="1.837"/>
  <testcase classname="API_TestCases.API_POC" name="c_checkIfUserExists" time="1.635"/>
  <testcase classname="API_TestCases.API_POC2" name="a_get_accessToken" time="1.027"/>
  <testcase classname="API_TestCases.API_POC2" name="b_accessTokenInfo" time="0.604"/>
  <testcase classname="API_TestCases.API_POC2" name="c_checkIfUserExists" time="0.938"/>
  <testcase classname="com.API_Testing.Listeners.BaseTest" name="@AfterSuite afterSuite" time="0.0">
    <ignored/>
  </testcase> <!-- @AfterSuite afterSuite -->
  <testcase classname="com.API_Testing.Listeners.BaseTest" name="@BeforeSuite beforeSuite" time="0.0">
    <ignored/>
  </testcase> <!-- @BeforeSuite beforeSuite -->
</testsuite> <!-- Product Order -->
